SF:lib/user/domain/entities/user_entity.dart
DA:4,0
DA:12,0
LF:2
LH:0
end_of_record
SF:lib/user/domain/repositories/user_repository_impl.dart
DA:9,0
DA:11,0
DA:12,0
DA:13,0
LF:4
LH:0
end_of_record
SF:lib/user/presentation/blocs/common_state.dart
DA:5,2
DA:7,1
DA:8,1
DA:12,2
DA:16,2
DA:20,2
LF:6
LH:6
end_of_record
SF:lib/user/presentation/blocs/user_state.dart
DA:4,1
DA:8,1
DA:12,1
DA:13,2
LF:4
LH:4
end_of_record
SF:lib/user/presentation/blocs/user_event.dart
DA:4,1
DA:8,1
DA:10,1
DA:11,1
LF:4
LH:4
end_of_record
SF:lib/user/presentation/blocs/user_bloc.dart
DA:14,2
DA:15,2
DA:16,2
DA:21,1
DA:25,1
DA:28,1
DA:32,1
DA:34,2
DA:35,2
DA:36,2
DA:38,1
LF:11
LH:11
end_of_record
SF:lib/user/presentation/common_event.dart
DA:5,1
DA:7,1
DA:8,1
DA:12,1
LF:4
LH:4
end_of_record
SF:lib/user/data/models/user_model.dart
DA:7,0
DA:11,0
DA:21,0
DA:22,0
DA:23,0
DA:24,0
DA:25,0
DA:29,0
DA:30,0
DA:37,0
DA:38,0
DA:39,0
DA:40,0
LF:13
LH:0
end_of_record
SF:lib/utils/extensions/json_extensions.dart
DA:2,0
DA:6,0
DA:10,0
DA:11,0
DA:12,0
LF:5
LH:0
end_of_record
SF:lib/utils/extensions/list_extensions.dart
DA:2,0
DA:4,0
DA:5,0
LF:3
LH:0
end_of_record
